<?xml version="1.0" encoding="UTF-8"?>
<testng-results ignored="0" total="1" passed="1" failed="0" skipped="0">
  <reporter-output>
  </reporter-output>
  <suite started-at="2020-08-21T17:45:57 IST" name="Default suite" finished-at="2020-08-21T17:46:24 IST" duration-ms="27149">
    <groups>
    </groups>
    <test started-at="2020-08-21T17:45:57 IST" name="Default test" finished-at="2020-08-21T17:46:24 IST" duration-ms="27149">
      <class name="demoAssignment.Assignment1">
        <test-method is-config="true" signature="setup()[pri:0, instance:demoAssignment.Assignment1@4de4b452]" started-at="2020-08-21T17:45:46 IST" name="setup" finished-at="2020-08-21T17:45:57 IST" duration-ms="11380" status="PASS">
          <reporter-output>
          </reporter-output>
        </test-method> <!-- setup -->
        <test-method signature="First()[pri:0, instance:demoAssignment.Assignment1@4de4b452]" started-at="2020-08-21T17:45:57 IST" name="First" finished-at="2020-08-21T17:46:24 IST" duration-ms="27057" status="PASS">
          <reporter-output>
          </reporter-output>
        </test-method> <!-- First -->
        <test-method is-config="true" signature="AfterEnd()[pri:0, instance:demoAssignment.Assignment1@4de4b452]" started-at="2020-08-21T17:46:24 IST" name="AfterEnd" finished-at="2020-08-21T17:46:26 IST" duration-ms="1909" status="PASS">
          <reporter-output>
          </reporter-output>
        </test-method> <!-- AfterEnd -->
      </class> <!-- demoAssignment.Assignment1 -->
    </test> <!-- Default test -->
  </suite> <!-- Default suite -->
</testng-results>
